%!Adobe-FontList 1.23
%Locale:0x412

%BeginFont
Handler:DirectoryHandler
FontType:TrueType
FontName:Impact
FamilyName:Impact
StyleName:Regular
FullName:Impact
MenuName:Impact
StyleBits:0
WritingScript:Roman
OutlineFileName:C:\Users\세잔\Desktop\새 폴더 (2)\류가을_포트폴리오_최종_제출0823 폴더\Document fonts\impact.ttf
DataFormat:sfntData
hasSVG:no
hasCOLR:no
VariableFontType:NonVariableFont
FileLength:206784
FileModTime:1575709717
WeightClass:400
WidthClass:3
AngleClass:0
NameArray:0,Mac,4,Impact
NameArray:0,Win,1,Impact
%EndFont

